<?xml version="1.0" encoding="UTF-8"?>
<testsuite xmlns:xsi="http://www.w3.org/2001/XMLSchema-instance" xsi:noNamespaceSchemaLocation="https://maven.apache.org/surefire/maven-surefire-plugin/xsd/surefire-test-report-3.0.xsd" version="3.0" name="TestSuite" time="5.865" tests="3" errors="0" skipped="0" failures="0">
  <properties>
[...]
</properties>
  <testcase name="createBug" classname="methodTest.Jira_Create_Bug" time="3.177"/>
  <testcase name="addCommentToIssue" classname="methodTest.Jira_Create_Bug" time="0.898"/>
  <testcase name="deleteIssue" classname="methodTest.Jira_Create_Bug" time="0.13"/>
</testsuite>