<?xml version="1.0" encoding="UTF-8"?>
<testng-results ignored="0" total="3" passed="3" failed="0" skipped="0">
  <reporter-output>
  </reporter-output>
  <suite started-at="2020-06-01T19:35:34 AMT" name="All Test Suite" finished-at="2020-06-01T19:35:38 AMT" duration-ms="4258">
    <groups>
    </groups>
    <test started-at="2020-06-01T19:35:34 AMT" name="JiraApiTest" finished-at="2020-06-01T19:35:38 AMT" duration-ms="4258">
      <class name="methodTest.Jira_Create_Bug">
        <test-method is-config="true" signature="beforeClass()[pri:0, instance:methodTest.Jira_Create_Bug@5ddcc487]" started-at="2020-06-01T19:35:34 AMT" name="beforeClass" finished-at="2020-06-01T19:35:34 AMT" duration-ms="17" status="PASS">
          <reporter-output>
          </reporter-output>
        </test-method> <!-- beforeClass -->
        <test-method signature="createBug()[pri:0, instance:methodTest.Jira_Create_Bug@5ddcc487]" started-at="2020-06-01T19:35:34 AMT" name="createBug" finished-at="2020-06-01T19:35:37 AMT" duration-ms="3169" status="PASS">
          <reporter-output>
          </reporter-output>
        </test-method> <!-- createBug -->
        <test-method signature="addCommentToIssue()[pri:0, instance:methodTest.Jira_Create_Bug@5ddcc487]" started-at="2020-06-01T19:35:37 AMT" name="addCommentToIssue" finished-at="2020-06-01T19:35:38 AMT" depends-on-methods="methodTest.Jira_Create_Bug.createBug" duration-ms="902" status="PASS">
          <reporter-output>
          </reporter-output>
        </test-method> <!-- addCommentToIssue -->
        <test-method signature="deleteIssue()[pri:0, instance:methodTest.Jira_Create_Bug@5ddcc487]" started-at="2020-06-01T19:35:38 AMT" name="deleteIssue" finished-at="2020-06-01T19:35:38 AMT" depends-on-methods="methodTest.Jira_Create_Bug.addCommentToIssue" duration-ms="121" status="PASS">
          <reporter-output>
          </reporter-output>
        </test-method> <!-- deleteIssue -->
      </class> <!-- methodTest.Jira_Create_Bug -->
    </test> <!-- JiraApiTest -->
  </suite> <!-- All Test Suite -->
</testng-results>
