<?xml version="1.0" encoding="UTF-8"?>
<!-- Generated by org.testng.reporters.JUnitXMLReporter -->
<testsuite ignored="0" hostname="DESKTOP-651B0CJ" failures="0" tests="3" name="JiraApiTest" time="4.258" errors="0" timestamp="2020-06-01T19:35:38 AMT">
  <testcase classname="methodTest.Jira_Create_Bug" name="createBug" time="3.169"/>
  <testcase classname="methodTest.Jira_Create_Bug" name="addCommentToIssue" time="0.902"/>
  <testcase classname="methodTest.Jira_Create_Bug" name="deleteIssue" time="0.121"/>
</testsuite> <!-- JiraApiTest -->
