<?xml version="1.0" encoding="UTF-8"?>
<!-- Generated by org.testng.reporters.JUnitXMLReporter -->
<testsuite ignored="1" hostname="DESKTOP-651B0CJ" failures="0" tests="1" name="postMethodTest" time="1.602" errors="0" timestamp="2020-05-29T14:49:53 AMT">
  <testcase classname="methodTest.PostMethodTest" name="responseToString" time="1.6"/>
  <testcase classname="methodTest.PostMethodTest" name="deleteMethod" time="0.0">
    <ignored/>
  </testcase> <!-- deleteMethod -->
</testsuite> <!-- postMethodTest -->
